2020-10-09T04:58:55+07:00 |INFO| Starting arangodb version 0.14.15, build e32307e component=arangodb
2020-10-09T04:58:55+07:00 |WARN| Error while getting version component=arangodb error="No server-version found in '3.7.2-1\n\narchitecture: 64bit\narm: false\nasan: false\nasm-crc32: true\nassertions: false\navx2: false\nboost-version: 1.71.0\nbuild-date: 2020-09-02 11:13:59\nbuild-repository: tags/v3.7.2.1-0-g2c56dec4b2c-dirty\ncompiler: gcc [9.2.0]\ncplusplus: 201703\ncurl-version: none\ndebug: false\nendianness: little\nfailure-tests: false\nfd-client-event-handler: poll\nfd-setsize: 1024\nfull-version-string: ArangoDB 3.7.2-1 [linux] 64bit, using jemalloc, build tags/v3.7.2.1-0-g2c56dec4b2c-dirty, VPack 0.1.33, RocksDB 6.8.0, ICU 64.2'"
2020-10-09T04:58:55+07:00 |INFO| Using storage engine 'mmfiles' component=arangodb
2020-10-09T04:58:55+07:00 |INFO| Serving as master with ID 'ca23e505' on :8528... component=arangodb
2020-10-09T04:58:55+07:00 |INFO| Waiting for 3 servers to show up.
 component=arangodb
2020-10-09T04:58:55+07:00 |INFO| Use the following commands to start other servers: component=arangodb
2020-10-09T04:58:56+07:00 |INFO| ArangoDB Starter listening on 0.0.0.0:8528 (:8528) component=arangodb
2020-10-09T04:59:31+07:00 |INFO| Starting arangodb version 0.14.15, build e32307e component=arangodb
2020-10-09T04:59:31+07:00 |INFO| Using storage engine 'rocksdb' component=arangodb
2020-10-09T04:59:31+07:00 |INFO| Serving as master with ID '057323bc' on :8528... component=arangodb
2020-10-09T04:59:31+07:00 |INFO| Waiting for 3 servers to show up.
 component=arangodb
2020-10-09T04:59:31+07:00 |INFO| ArangoDB Starter listening on 0.0.0.0:8528 (:8528) component=arangodb
2020-10-09T04:59:31+07:00 |INFO| Use the following commands to start other servers: component=arangodb
2020-10-09T05:02:16+07:00 |INFO| Starting arangodb version 0.14.15, build e32307e component=arangodb
2020-10-09T05:02:16+07:00 |INFO| Using storage engine 'rocksdb' component=arangodb
2020-10-09T05:02:16+07:00 |INFO| Serving as master with ID 'd233ec33' on :8528... component=arangodb
2020-10-09T05:02:16+07:00 |INFO| Waiting for 3 servers to show up.
 component=arangodb
2020-10-09T05:02:16+07:00 |INFO| Use the following commands to start other servers: component=arangodb
2020-10-09T05:02:16+07:00 |INFO| ArangoDB Starter listening on 0.0.0.0:8528 (:8528) component=arangodb
2020-10-09T05:19:59+07:00 |INFO| Starting arangodb version 0.14.15, build e32307e component=arangodb
2020-10-09T05:19:59+07:00 |INFO| Using storage engine 'rocksdb' component=arangodb
2020-10-09T05:19:59+07:00 |INFO| Serving as master with ID '0660a6c0' on :8528... component=arangodb
2020-10-09T05:19:59+07:00 |INFO| Waiting for 3 servers to show up.
 component=arangodb
2020-10-09T05:19:59+07:00 |INFO| Use the following commands to start other servers: component=arangodb
2020-10-09T05:19:59+07:00 |INFO| ArangoDB Starter listening on 0.0.0.0:8528 (:8528) component=arangodb
2020-10-09T05:25:36+07:00 |INFO| Starting arangodb version 0.14.15, build e32307e component=arangodb
2020-10-09T05:25:36+07:00 |INFO| Using storage engine 'rocksdb' component=arangodb
2020-10-09T05:25:36+07:00 |INFO| Serving as master with ID '95183549' on :8528... component=arangodb
2020-10-09T05:25:36+07:00 |INFO| Waiting for 3 servers to show up.
 component=arangodb
2020-10-09T05:25:36+07:00 |INFO| Use the following commands to start other servers: component=arangodb
2020-10-09T05:25:36+07:00 |INFO| ArangoDB Starter listening on 0.0.0.0:8528 (:8528) component=arangodb
